{"/Users/fabiomangano/Desktop/isd-project/service-register/src/controllers.js": {"path":"/Users/fabiomangano/Desktop/isd-project/service-register/src/controllers.js","statementMap":{"0":{"start":{"line":5,"column":4},"end":{"line":5,"column":31}}},"fnMap":{"0":{"name":"(anonymous_0)","decl":{"start":{"line":4,"column":23},"end":{"line":4,"column":24}},"loc":{"start":{"line":4,"column":37},"end":{"line":6,"column":3}},"line":4}},"branchMap":{},"s":{"0":1},"f":{"0":1},"b":{},"_coverageSchema":"1a1c01bbd47fc00a2c39e90264f33305004495a9","hash":"a549832ada3c9e43e19fd50e334f62abcef1a2d6"}
,"/Users/fabiomangano/Desktop/isd-project/service-register/src/createApp.js": {"path":"/Users/fabiomangano/Desktop/isd-project/service-register/src/createApp.js","statementMap":{"0":{"start":{"line":7,"column":18},"end":{"line":17,"column":1}},"1":{"start":{"line":8,"column":16},"end":{"line":8,"column":25}},"2":{"start":{"line":10,"column":4},"end":{"line":10,"column":20}},"3":{"start":{"line":11,"column":4},"end":{"line":11,"column":30}},"4":{"start":{"line":12,"column":4},"end":{"line":12,"column":55}},"5":{"start":{"line":14,"column":4},"end":{"line":14,"column":25}},"6":{"start":{"line":16,"column":4},"end":{"line":16,"column":15}}},"fnMap":{"0":{"name":"(anonymous_0)","decl":{"start":{"line":7,"column":18},"end":{"line":7,"column":19}},"loc":{"start":{"line":7,"column":24},"end":{"line":17,"column":1}},"line":7}},"branchMap":{},"s":{"0":1,"1":1,"2":1,"3":1,"4":1,"5":1,"6":1},"f":{"0":1},"b":{},"_coverageSchema":"1a1c01bbd47fc00a2c39e90264f33305004495a9","hash":"f3e8d7c7233db0da88448ce4e1f016db0bf3eb97"}
,"/Users/fabiomangano/Desktop/isd-project/service-register/src/routes.js": {"path":"/Users/fabiomangano/Desktop/isd-project/service-register/src/routes.js","statementMap":{"0":{"start":{"line":4,"column":15},"end":{"line":4,"column":31}},"1":{"start":{"line":6,"column":0},"end":{"line":6,"column":65}}},"fnMap":{},"branchMap":{},"s":{"0":1,"1":1},"f":{},"b":{},"_coverageSchema":"1a1c01bbd47fc00a2c39e90264f33305004495a9","hash":"bd2bc024b132002eadb46358199a44133066c4fb"}
}
